0 verbose cli C:\Program Files\nodejs\node.exe C:\Users\andre\AppData\Roaming\npm\node_modules\npm\bin\npm-cli.js
1 info using npm@8.13.1
2 info using node@v16.13.2
3 timing npm:load:whichnode Completed in 0ms
4 timing config:load:defaults Completed in 2ms
5 timing config:load:file:C:\Users\andre\AppData\Roaming\npm\node_modules\npm\npmrc Completed in 7ms
6 timing config:load:builtin Completed in 7ms
7 timing config:load:cli Completed in 2ms
8 timing config:load:env Completed in 1ms
9 timing config:load:project Completed in 1ms
10 timing config:load:file:C:\Users\andre\.npmrc Completed in 0ms
11 timing config:load:user Completed in 0ms
12 timing config:load:file:C:\Users\andre\AppData\Roaming\npm\etc\npmrc Completed in 1ms
13 timing config:load:global Completed in 1ms
14 timing config:load:validate Completed in 0ms
15 timing config:load:credentials Completed in 1ms
16 timing config:load:setEnvs Completed in 1ms
17 timing config:load Completed in 17ms
18 timing npm:load:configload Completed in 17ms
19 timing npm:load:mkdirpcache Completed in 1ms
20 timing npm:load:mkdirplogs Completed in 2ms
21 verbose title npm config set cache C:\Users\andre\Documents\GitHub\NuCamp\2-Bootstrap\nucampsite
22 verbose argv "config" "set" "cache" "C:\\Users\\andre\\Documents\\GitHub\\NuCamp\\2-Bootstrap\\nucampsite" "--global"
23 timing npm:load:setTitle Completed in 1ms
24 timing config:load:flatten Completed in 3ms
25 timing npm:load:display Completed in 5ms
26 verbose logfile logs-max:10 dir:C:\Users\andre\Documents\GitHub\NuCamp\2-Bootstrap\_logs
27 verbose logfile C:\Users\andre\Documents\GitHub\NuCamp\2-Bootstrap\_logs\2022-06-25T18_45_30_269Z-debug-0.log
28 timing npm:load:logFile Completed in 8ms
29 timing npm:load:timers Completed in 1ms
30 timing npm:load:configScope Completed in 0ms
31 timing npm:load Completed in 35ms
32 info config set "cache" "C:\\Users\\andre\\Documents\\GitHub\\NuCamp\\2-Bootstrap\\nucampsite"
33 silly logfile done cleaning log files
34 timing config:load:flatten Completed in 0ms
35 timing command:config Completed in 7ms
36 verbose exit 0
37 timing npm Completed in 53ms
38 info ok
