0 verbose cli [
0 verbose cli   'C:\\Program Files\\nodejs\\node.exe',
0 verbose cli   'C:\\Program Files\\nodejs\\node_modules\\npm\\bin\\npm-cli.js',
0 verbose cli   'install',
0 verbose cli   'expo@44'
0 verbose cli ]
1 info using npm@8.1.2
2 info using node@v16.13.2
3 timing npm:load:whichnode Completed in 0ms
4 timing config:load:defaults Completed in 1ms
5 timing config:load:file:C:\Program Files\nodejs\node_modules\npm\npmrc Completed in 2ms
6 timing config:load:builtin Completed in 3ms
7 timing config:load:cli Completed in 1ms
8 timing config:load:env Completed in 1ms
9 timing config:load:file:C:\Users\andre\Documents\GitHub\NuCamp\4-React-Native\nucampsite\.npmrc Completed in 1ms
10 timing config:load:project Completed in 1ms
11 timing config:load:file:C:\Users\andre\.npmrc Completed in 0ms
12 timing config:load:user Completed in 0ms
13 timing config:load:file:C:\Program Files\nodejs\etc\npmrc Completed in 0ms
14 timing config:load:global Completed in 0ms
15 timing config:load:validate Completed in 0ms
16 timing config:load:credentials Completed in 1ms
17 timing config:load:setEnvs Completed in 1ms
18 timing config:load Completed in 9ms
19 timing npm:load:configload Completed in 9ms
20 timing npm:load:setTitle Completed in 0ms
21 timing npm:load:setupLog Completed in 0ms
22 timing config:load:flatten Completed in 4ms
23 timing npm:load:cleanupLog Completed in 3ms
24 timing npm:load:configScope Completed in 0ms
25 timing npm:load:projectScope Completed in 1ms
26 timing npm:load Completed in 19ms
27 timing arborist:ctor Completed in 1ms
28 timing idealTree:init Completed in 507ms
29 timing idealTree:userRequests Completed in 2ms
30 silly idealTree buildDeps
31 silly fetch manifest expo@44
32 timing arborist:ctor Completed in 0ms
33 http fetch GET 200 https://registry.npmjs.org/expo 762ms (cache revalidated)
34 silly fetch manifest react-native-web@~0.18.7
35 http fetch GET 200 https://registry.npmjs.org/react-native-web 7ms (cache hit)
36 silly fetch manifest react@18.0.0
37 http fetch GET 200 https://registry.npmjs.org/react 10ms (cache hit)
38 silly fetch manifest react-dom@^17.0.2 || ^18.0.0
39 http fetch GET 200 https://registry.npmjs.org/react-dom 12ms (cache hit)
40 silly fetch manifest react@^18.2.0
41 timing idealTree Completed in 1332ms
42 timing command:install Completed in 1346ms
43 verbose stack Error: unable to resolve dependency tree
43 verbose stack     at Arborist.[failPeerConflict] (C:\Program Files\nodejs\node_modules\npm\node_modules\@npmcli\arborist\lib\arborist\build-ideal-tree.js:1356:25)
43 verbose stack     at Arborist.[loadPeerSet] (C:\Program Files\nodejs\node_modules\npm\node_modules\@npmcli\arborist\lib\arborist\build-ideal-tree.js:1349:30)
43 verbose stack     at async Arborist.[loadPeerSet] (C:\Program Files\nodejs\node_modules\npm\node_modules\@npmcli\arborist\lib\arborist\build-ideal-tree.js:1290:11)
43 verbose stack     at async Arborist.[buildDepStep] (C:\Program Files\nodejs\node_modules\npm\node_modules\@npmcli\arborist\lib\arborist\build-ideal-tree.js:930:11)
43 verbose stack     at async Arborist.buildIdealTree (C:\Program Files\nodejs\node_modules\npm\node_modules\@npmcli\arborist\lib\arborist\build-ideal-tree.js:216:7)
43 verbose stack     at async Promise.all (index 1)
43 verbose stack     at async Arborist.reify (C:\Program Files\nodejs\node_modules\npm\node_modules\@npmcli\arborist\lib\arborist\reify.js:149:5)
43 verbose stack     at async Install.install (C:\Program Files\nodejs\node_modules\npm\lib\install.js:170:5)
44 verbose cwd C:\Users\andre\Documents\GitHub\NuCamp\4-React-Native\nucampsite
45 verbose Windows_NT 10.0.19044
46 verbose argv "C:\\Program Files\\nodejs\\node.exe" "C:\\Program Files\\nodejs\\node_modules\\npm\\bin\\npm-cli.js" "install" "expo@44"
47 verbose node v16.13.2
48 verbose npm  v8.1.2
49 error code ERESOLVE
50 error ERESOLVE unable to resolve dependency tree
51 error
52 error While resolving: [1mnucampsite[22m@[1m1.0.0[22m
52 error Found: [1mreact[22m@[1m18.0.0[22m[2m[22m
52 error [2mnode_modules/react[22m
52 error   [1mreact[22m@"[1m18.0.0[22m" from the root project
52 error   [35mpeer[39m [1mreact[22m@"[1m^17.0.2 || ^18.0.0[22m" from [1mreact-native-web[22m@[1m0.18.8[22m[2m[22m
52 error   [2mnode_modules/react-native-web[22m
52 error     [1mreact-native-web[22m@"[1m~0.18.7[22m" from the root project
52 error
52 error Could not resolve dependency:
52 error [35mpeer[39m [1mreact[22m@"[1m^18.2.0[22m" from [1mreact-dom[22m@[1m18.2.0[22m[2m[22m
52 error [2mnode_modules/react-dom[22m
52 error   [35mpeer[39m [1mreact-dom[22m@"[1m^17.0.2 || ^18.0.0[22m" from [1mreact-native-web[22m@[1m0.18.8[22m[2m[22m
52 error   [2mnode_modules/react-native-web[22m
52 error     [1mreact-native-web[22m@"[1m~0.18.7[22m" from the root project
52 error
52 error Fix the upstream dependency conflict, or retry
52 error this command with --force, or --legacy-peer-deps
52 error to accept an incorrect (and potentially broken) dependency resolution.
52 error
52 error See C:\Users\andre\Documents\GitHub\NuCamp\2-Bootstrap\nucampsite\eresolve-report.txt for a full report.
53 verbose exit 1
