0 verbose cli C:\Program Files\nodejs\node.exe C:\Users\andre\AppData\Roaming\npm\node_modules\npm\bin\npm-cli.js
1 info using npm@8.13.1
2 info using node@v16.13.2
3 timing npm:load:whichnode Completed in 0ms
4 timing config:load:defaults Completed in 2ms
5 timing config:load:file:C:\Users\andre\AppData\Roaming\npm\node_modules\npm\npmrc Completed in 7ms
6 timing config:load:builtin Completed in 7ms
7 timing config:load:cli Completed in 3ms
8 timing config:load:env Completed in 0ms
9 timing config:load:project Completed in 1ms
10 timing config:load:file:C:\Users\andre\.npmrc Completed in 0ms
11 timing config:load:user Completed in 0ms
12 timing config:load:file:C:\Users\andre\AppData\Roaming\npm\etc\npmrc Completed in 3ms
13 timing config:load:global Completed in 3ms
14 timing config:load:validate Completed in 0ms
15 timing config:load:credentials Completed in 1ms
16 timing config:load:setEnvs Completed in 1ms
17 timing config:load Completed in 19ms
18 timing npm:load:configload Completed in 19ms
19 timing npm:load:mkdirpcache Completed in 1ms
20 timing npm:load:mkdirplogs Completed in 1ms
21 verbose title npm install
22 verbose argv "install" "--global"
23 timing npm:load:setTitle Completed in 1ms
24 timing config:load:flatten Completed in 3ms
25 timing npm:load:display Completed in 4ms
26 verbose logfile logs-max:10 dir:C:\Users\andre\Documents\GitHub\NuCamp\2-Bootstrap\nucampsite\_logs
27 verbose logfile C:\Users\andre\Documents\GitHub\NuCamp\2-Bootstrap\nucampsite\_logs\2022-06-25T18_50_51_134Z-debug-0.log
28 timing npm:load:logFile Completed in 7ms
29 timing npm:load:timers Completed in 0ms
30 timing npm:load:configScope Completed in 0ms
31 timing npm:load Completed in 34ms
32 timing arborist:ctor Completed in 1ms
33 silly logfile done cleaning log files
34 timing idealTree:init Completed in 6ms
35 timing idealTree:userRequests Completed in 4ms
36 silly idealTree buildDeps
37 silly placeDep ROOT nucampsite@1.0.0 OK for:  want: file:../../../Documents/GitHub/NuCamp/2-Bootstrap/nucampsite
38 timing idealTree:#root Completed in 7ms
39 timing idealTree:node_modules/nucampsite Completed in 0ms
40 timing idealTree:buildDeps Completed in 8ms
41 timing idealTree:fixDepFlags Completed in 0ms
42 timing idealTree Completed in 21ms
43 timing reify:loadTrees Completed in 23ms
44 timing reify:diffTrees Completed in 1ms
45 silly reify moves {}
46 timing reify:retireShallow Completed in 1ms
47 timing reify:createSparse Completed in 0ms
48 timing reify:loadBundles Completed in 0ms
49 silly audit bulk request { nucampsite: [ '1.0.0' ] }
50 timing reifyNode:node_modules/nucampsite Completed in 28ms
51 timing reify:unpack Completed in 28ms
52 timing reify:unretire Completed in 0ms
53 timing build:queue Completed in 0ms
54 timing build:deps Completed in 1ms
55 timing build:queue Completed in 0ms
56 timing build:links Completed in 0ms
57 timing build Completed in 1ms
58 timing reify:build Completed in 1ms
59 timing reify:trash Completed in 0ms
60 http fetch POST 200 https://registry.npmjs.org/-/npm/v1/security/advisories/bulk 190ms
61 timing auditReport:getReport Completed in 193ms
62 silly audit report {}
63 timing auditReport:init Completed in 0ms
64 timing reify:audit Completed in 193ms
65 timing reify Completed in 230ms
66 silly ADD node_modules/nucampsite
67 timing command:install Completed in 236ms
68 verbose exit 0
69 timing npm Completed in 386ms
70 info ok
