0 verbose cli [
0 verbose cli   'C:\\Program Files\\nodejs\\node.exe',
0 verbose cli   'C:\\Program Files\\nodejs\\node_modules\\npm\\bin\\npm-cli.js',
0 verbose cli   'install'
0 verbose cli ]
1 info using npm@8.1.2
2 info using node@v16.13.2
3 timing npm:load:whichnode Completed in 0ms
4 timing config:load:defaults Completed in 1ms
5 timing config:load:file:C:\Program Files\nodejs\node_modules\npm\npmrc Completed in 3ms
6 timing config:load:builtin Completed in 3ms
7 timing config:load:cli Completed in 1ms
8 timing config:load:env Completed in 1ms
9 timing config:load:file:C:\Users\andre\Documents\GitHub\NuCamp\4-React-Native\nucampsite\.npmrc Completed in 0ms
10 timing config:load:project Completed in 1ms
11 timing config:load:file:C:\Users\andre\.npmrc Completed in 0ms
12 timing config:load:user Completed in 0ms
13 timing config:load:file:C:\Program Files\nodejs\etc\npmrc Completed in 0ms
14 timing config:load:global Completed in 0ms
15 timing config:load:validate Completed in 1ms
16 timing config:load:credentials Completed in 0ms
17 timing config:load:setEnvs Completed in 1ms
18 timing config:load Completed in 9ms
19 timing npm:load:configload Completed in 9ms
20 timing npm:load:setTitle Completed in 0ms
21 timing npm:load:setupLog Completed in 1ms
22 timing config:load:flatten Completed in 3ms
23 timing npm:load:cleanupLog Completed in 2ms
24 timing npm:load:configScope Completed in 0ms
25 timing npm:load:projectScope Completed in 1ms
26 timing npm:load Completed in 17ms
27 timing arborist:ctor Completed in 1ms
28 timing idealTree:init Completed in 649ms
29 timing idealTree:userRequests Completed in 1ms
30 silly idealTree buildDeps
31 silly fetch manifest react-native-web@~0.18.7
32 timing arborist:ctor Completed in 0ms
33 http fetch GET 200 https://registry.npmjs.org/react-native-web 1268ms (cache miss)
34 silly fetch manifest react@18.0.0
35 http fetch GET 200 https://registry.npmjs.org/react 126ms (cache revalidated)
36 silly fetch manifest react-dom@^17.0.2 || ^18.0.0
37 http fetch GET 200 https://registry.npmjs.org/react-dom 568ms (cache updated)
38 silly fetch manifest react@^18.2.0
39 timing idealTree Completed in 2640ms
40 timing command:install Completed in 2647ms
41 verbose stack Error: unable to resolve dependency tree
41 verbose stack     at Arborist.[failPeerConflict] (C:\Program Files\nodejs\node_modules\npm\node_modules\@npmcli\arborist\lib\arborist\build-ideal-tree.js:1356:25)
41 verbose stack     at Arborist.[loadPeerSet] (C:\Program Files\nodejs\node_modules\npm\node_modules\@npmcli\arborist\lib\arborist\build-ideal-tree.js:1349:30)
41 verbose stack     at async Arborist.[loadPeerSet] (C:\Program Files\nodejs\node_modules\npm\node_modules\@npmcli\arborist\lib\arborist\build-ideal-tree.js:1290:11)
41 verbose stack     at async Arborist.[buildDepStep] (C:\Program Files\nodejs\node_modules\npm\node_modules\@npmcli\arborist\lib\arborist\build-ideal-tree.js:930:11)
41 verbose stack     at async Arborist.buildIdealTree (C:\Program Files\nodejs\node_modules\npm\node_modules\@npmcli\arborist\lib\arborist\build-ideal-tree.js:216:7)
41 verbose stack     at async Promise.all (index 1)
41 verbose stack     at async Arborist.reify (C:\Program Files\nodejs\node_modules\npm\node_modules\@npmcli\arborist\lib\arborist\reify.js:149:5)
41 verbose stack     at async Install.install (C:\Program Files\nodejs\node_modules\npm\lib\install.js:170:5)
42 verbose cwd C:\Users\andre\Documents\GitHub\NuCamp\4-React-Native\nucampsite
43 verbose Windows_NT 10.0.19044
44 verbose argv "C:\\Program Files\\nodejs\\node.exe" "C:\\Program Files\\nodejs\\node_modules\\npm\\bin\\npm-cli.js" "install"
45 verbose node v16.13.2
46 verbose npm  v8.1.2
47 error code ERESOLVE
48 error ERESOLVE unable to resolve dependency tree
49 error
50 error While resolving: nucampsite@1.0.0
50 error Found: react@18.0.0
50 error node_modules/react
50 error   react@"18.0.0" from the root project
50 error   peer react@"^17.0.2 || ^18.0.0" from react-native-web@0.18.8
50 error   node_modules/react-native-web
50 error     react-native-web@"~0.18.7" from the root project
50 error
50 error Could not resolve dependency:
50 error peer react@"^18.2.0" from react-dom@18.2.0
50 error node_modules/react-dom
50 error   peer react-dom@"^17.0.2 || ^18.0.0" from react-native-web@0.18.8
50 error   node_modules/react-native-web
50 error     react-native-web@"~0.18.7" from the root project
50 error
50 error Fix the upstream dependency conflict, or retry
50 error this command with --force, or --legacy-peer-deps
50 error to accept an incorrect (and potentially broken) dependency resolution.
50 error
50 error See C:\Users\andre\Documents\GitHub\NuCamp\2-Bootstrap\nucampsite\eresolve-report.txt for a full report.
51 verbose exit 1
